<?xml version="1.0" encoding="UTF-8"?>
<omf>
  <resource>
    <creator>
      Jörgen Scheibengruber (mfcn@gmx.de)
    </creator>
    <maintainer>
      Jörgen Scheibengruber (mfcn@gmx.de)
    </maintainer>
    <title>
      Индикатор скорости
    </title>    
    <date>
      2002-11-5
    </date>
    <version identifier="1.0" date="2002-10-17" description="Соответствует версии 0.9"/>
    <subject category="GNOME|Applets|Network"/>
    <description>
      Руководство пользователя апплета "Индикатор скорости". 
    </description>
    <type>
      Руководство пользователя
    </type>
    <format mime="text/xml" dtd="-//OASIS//DTD DocBook XML V4.1.2//EN"/>
    <identifier url="file:/usr/share/gnome/help/netspeed_applet/ru/netspeed_applet.xml"/>
    <language code="ru"/>
    <relation seriesid="8f5a9b34-e5ec-11d6-9ae1-fe1706cfc57a"/>
    <rights type="GNU FDL" license.version="1.1" holder="Jörgen Scheibengruber"/>
  </resource>        
</omf>
