<?xml version="1.0" encoding="UTF-8"?>
<omf>
  <resource>
    <creator>
      Jörgen Scheibengruber (mfcn@gmx.de)
    </creator>
    <maintainer>
      Jörgen Scheibengruber (mfcn@gmx.de)
    </maintainer>
    <title>
      Aplet Netspeed
    </title>    
    <date>
      2002-10-22
    </date>
    <version identifier="1.0" date="2002-10-17" description="Vztahuje se na program verze 0.6"/>
    <subject category="GNOME|Aplety|Síť"/>
    <description>
      Uživatelské příručka pro aplet NetSpeed.
    </description>
    <type>
      uživatelská příručka
    </type>
    <format mime="text/xml" dtd="-//OASIS//DTD DocBook XML V4.1.2//EN"/>
    <identifier url="file:/usr/share/gnome/help/netspeed_applet/cs/netspeed_applet.xml"/>
    <language code="cs"/>
    <relation seriesid="8f5a9b34-e5ec-11d6-9ae1-fe1706cfc57a"/>
    <rights type="GNU FDL" license.version="1.1" holder="Jörgen Scheibengruber"/>
  </resource>        
</omf>
